<?xml version="1.0" encoding="UTF-8"?>
<!-- Generated by org.testng.reporters.JUnitXMLReporter -->
<testsuite ignored="0" hostname="DESKTOP-EDT3R9N" failures="0" tests="2" name="Validating user" time="0.111" errors="0" timestamp="2021-12-30T13:10:16 IST">
  <testcase classname="Academy.E2EndProject.Homepage" name="@BeforeTest getdriver" time="0.019">
    <failure type="java.lang.NullPointerException" message="Cannot invoke &amp;quot;String.contains(java.lang.CharSequence)&amp;quot; because &amp;quot;Browsername&amp;quot; is null">
      <![CDATA[java.lang.NullPointerException: Cannot invoke "String.contains(java.lang.CharSequence)" because "Browsername" is null
at Resources.Base.InitializeDriver(Base.java:39)
at Academy.E2EndProject.Homepage.getdriver(Homepage.java:37)
at java.base/java.util.concurrent.FutureTask.run(FutureTask.java:264)
at java.base/java.util.concurrent.ThreadPoolExecutor.runWorker(ThreadPoolExecutor.java:1130)
at java.base/java.util.concurrent.ThreadPoolExecutor$Worker.run(ThreadPoolExecutor.java:630)
at java.base/java.lang.Thread.run(Thread.java:832)
... Removed 15 stack frames]]>
    </failure>
  </testcase> <!-- @BeforeTest getdriver -->
  <testcase classname="Academy.E2EndProject.validation" name="@BeforeTest getdriver" time="0.019">
    <failure type="java.lang.NullPointerException" message="Cannot invoke &amp;quot;String.contains(java.lang.CharSequence)&amp;quot; because &amp;quot;Browsername&amp;quot; is null">
      <![CDATA[java.lang.NullPointerException: Cannot invoke "String.contains(java.lang.CharSequence)" because "Browsername" is null
at Resources.Base.InitializeDriver(Base.java:39)
at Academy.E2EndProject.validation.getdriver(validation.java:30)
at java.base/java.util.concurrent.FutureTask.run(FutureTask.java:264)
at java.base/java.util.concurrent.ThreadPoolExecutor.runWorker(ThreadPoolExecutor.java:1130)
at java.base/java.util.concurrent.ThreadPoolExecutor$Worker.run(ThreadPoolExecutor.java:630)
at java.base/java.lang.Thread.run(Thread.java:832)
... Removed 15 stack frames]]>
    </failure>
  </testcase> <!-- @BeforeTest getdriver -->
  <testcase classname="Academy.E2EndProject.Homepage" name="@AfterTest BrowserClose" time="-1.640850016389E9">
    <skipped/>
  </testcase> <!-- @AfterTest BrowserClose -->
  <testcase classname="Academy.E2EndProject.validation" name="@AfterTest BrowserClose" time="-1.640850016389E9">
    <skipped/>
  </testcase> <!-- @AfterTest BrowserClose -->
  <testcase classname="Academy.E2EndProject.Homepage" name="HomePageNavigation" time="0.0">
    <skipped/>
  </testcase> <!-- HomePageNavigation -->
  <testcase classname="Academy.E2EndProject.Homepage" name="HomePageNavigation" time="0.0">
    <skipped/>
  </testcase> <!-- HomePageNavigation -->
</testsuite> <!-- Validating user -->
