<?xml version="1.0" encoding="UTF-8"?>
<!-- Generated by org.testng.reporters.JUnitReportReporter -->
<testsuite hostname="DESKTOP-EDT3R9N" failures="0" tests="3" name="Academy.E2EndProject.Homepage" time="0.019" errors="1" timestamp="2021-12-30T13:10:17 IST" skipped="2">
  <testcase classname="Academy.E2EndProject.Homepage" name="HomePageNavigation" time="0.000">
    <skipped/>
  </testcase> <!-- HomePageNavigation -->
  <system-out/>
  <testcase classname="Academy.E2EndProject.Homepage" name="getdriver" time="0.019">
    <error message="Cannot invoke &quot;String.contains(java.lang.CharSequence)&quot; because &quot;Browsername&quot; is null" type="java.lang.NullPointerException">
      <![CDATA[java.lang.NullPointerException: Cannot invoke "String.contains(java.lang.CharSequence)" because "Browsername" is null
at Resources.Base.InitializeDriver(Base.java:39)
at Academy.E2EndProject.Homepage.getdriver(Homepage.java:37)
at java.base/jdk.internal.reflect.NativeMethodAccessorImpl.invoke0(Native Method)
at java.base/jdk.internal.reflect.NativeMethodAccessorImpl.invoke(NativeMethodAccessorImpl.java:64)
at java.base/jdk.internal.reflect.DelegatingMethodAccessorImpl.invoke(DelegatingMethodAccessorImpl.java:43)
at java.base/java.lang.reflect.Method.invoke(Method.java:564)
at org.testng.internal.MethodInvocationHelper.invokeMethod(MethodInvocationHelper.java:132)
at org.testng.internal.MethodInvocationHelper.invokeMethodConsideringTimeout(MethodInvocationHelper.java:61)
at org.testng.internal.ConfigInvoker.invokeConfigurationMethod(ConfigInvoker.java:366)
at org.testng.internal.ConfigInvoker.invokeConfigurations(ConfigInvoker.java:320)
at org.testng.TestRunner.invokeTestConfigurations(TestRunner.java:617)
at org.testng.TestRunner.beforeRun(TestRunner.java:607)
at org.testng.TestRunner.run(TestRunner.java:578)
at org.testng.SuiteRunner.runTest(SuiteRunner.java:384)
at org.testng.SuiteRunner.access$000(SuiteRunner.java:28)
at org.testng.SuiteRunner$SuiteWorker.run(SuiteRunner.java:425)
at org.testng.internal.thread.ThreadUtil.lambda$execute$0(ThreadUtil.java:66)
at java.base/java.util.concurrent.FutureTask.run(FutureTask.java:264)
at java.base/java.util.concurrent.ThreadPoolExecutor.runWorker(ThreadPoolExecutor.java:1130)
at java.base/java.util.concurrent.ThreadPoolExecutor$Worker.run(ThreadPoolExecutor.java:630)
at java.base/java.lang.Thread.run(Thread.java:832)
]]>
    </error>
  </testcase> <!-- getdriver -->
  <system-out/>
  <testcase classname="Academy.E2EndProject.Homepage" name="HomePageNavigation" time="0.000">
    <skipped/>
  </testcase> <!-- HomePageNavigation -->
  <system-out/>
</testsuite> <!-- Academy.E2EndProject.Homepage -->
